C:\Program Files\Microsoft Visual Studio\2022\Community\MSBuild\Microsoft\VC\v170\Microsoft.CppBuild.targets(534,5): warning MSB8028: The intermediate directory (x64\Debug\) contains files shared from another project (FiveM-External.vcxproj).  This can lead to incorrect clean and rebuild behavior.
  Menu.cpp
C:\Users\viraj\Desktop\fivem external\FiveM-External\Cheat\SDK\Game\GameSDK.h(69,15): warning C4091: 'extern ': ignored on left of 'CBone' when no variable is declared
  (compiling source file 'Cheat/Menu.cpp')
  
C:\Users\viraj\Desktop\fivem external\FiveM-External\Cheat\SDK\Game\GameSDK.h(74,15): warning C4091: 'extern ': ignored on left of 'AllBone' when no variable is declared
  (compiling source file 'Cheat/Menu.cpp')
  
C:\Users\viraj\Desktop\fivem external\FiveM-External\Cheat\Cheat.h(36,100): warning C4244: 'argument': conversion from 'int' to 'float', possible loss of data
  (compiling source file 'Cheat/Menu.cpp')
  
C:\Users\viraj\Desktop\fivem external\FiveM-External\Cheat\Cheat.h(36,90): warning C4244: 'argument': conversion from 'int' to 'float', possible loss of data
  (compiling source file 'Cheat/Menu.cpp')
  
C:\Users\viraj\Desktop\fivem external\FiveM-External\Cheat\Cheat.h(36,72): warning C4244: 'argument': conversion from 'int' to 'float', possible loss of data
  (compiling source file 'Cheat/Menu.cpp')
  
C:\Users\viraj\Desktop\fivem external\FiveM-External\Cheat\Cheat.h(36,62): warning C4244: 'argument': conversion from 'int' to 'float', possible loss of data
  (compiling source file 'Cheat/Menu.cpp')
  
C:\Users\viraj\Desktop\fivem external\FiveM-External\Cheat\Cheat.h(39,100): warning C4244: 'argument': conversion from 'int' to 'float', possible loss of data
  (compiling source file 'Cheat/Menu.cpp')
  
C:\Users\viraj\Desktop\fivem external\FiveM-External\Cheat\Cheat.h(39,90): warning C4244: 'argument': conversion from 'int' to 'float', possible loss of data
  (compiling source file 'Cheat/Menu.cpp')
  
C:\Users\viraj\Desktop\fivem external\FiveM-External\Cheat\Cheat.h(39,72): warning C4244: 'argument': conversion from 'int' to 'float', possible loss of data
  (compiling source file 'Cheat/Menu.cpp')
  
C:\Users\viraj\Desktop\fivem external\FiveM-External\Cheat\Cheat.h(39,62): warning C4244: 'argument': conversion from 'int' to 'float', possible loss of data
  (compiling source file 'Cheat/Menu.cpp')
  
C:\Users\viraj\Desktop\fivem external\FiveM-External\Cheat\Menu.cpp(109,32): warning C5056: operator '!=': deprecated for array types
  FiveM-External.vcxproj -> C:\Users\viraj\Desktop\fivem external\x64\Debug\niggaballs1337.exe
